2019-10-24 10:26:06.942  INFO 95608 --- [main] c.m.minipackage.MiniPackageApplication   : Starting MiniPackageApplication on ITAMNL24-W10 with PID 95608 (D:\ECHONMI\React\Day14_Comprehensive_exercise_mini_package\mini-package\out\production\classes started by ECHONMI in D:\ECHONMI\React\Day14_Comprehensive_exercise_mini_package\mini-package)
2019-10-24 10:26:06.958  INFO 95608 --- [main] c.m.minipackage.MiniPackageApplication   : No active profile set, falling back to default profiles: default
2019-10-24 10:26:07.675  INFO 95608 --- [main] .s.d.r.c.RepositoryConfigurationDelegate : Bootstrapping Spring Data repositories in DEFAULT mode.
2019-10-24 10:26:07.681  INFO 95608 --- [main] .s.d.r.c.RepositoryConfigurationDelegate : Finished Spring Data repository scanning in 12ms. Found 0 repository interfaces.
2019-10-24 10:26:07.982  INFO 95608 --- [main] trationDelegate$BeanPostProcessorChecker : Bean 'org.springframework.transaction.annotation.ProxyTransactionManagementConfiguration' of type [org.springframework.transaction.annotation.ProxyTransactionManagementConfiguration] is not eligible for getting processed by all BeanPostProcessors (for example: not eligible for auto-proxying)
2019-10-24 10:26:08.345  INFO 95608 --- [main] o.s.b.w.embedded.tomcat.TomcatWebServer  : Tomcat initialized with port(s): 8081 (http)
2019-10-24 10:26:08.361  INFO 95608 --- [main] o.apache.catalina.core.StandardService   : Starting service [Tomcat]
2019-10-24 10:26:08.361  INFO 95608 --- [main] org.apache.catalina.core.StandardEngine  : Starting Servlet engine: [Apache Tomcat/9.0.27]
2019-10-24 10:26:08.445  INFO 95608 --- [main] o.a.c.c.C.[Tomcat].[localhost].[/]       : Initializing Spring embedded WebApplicationContext
2019-10-24 10:26:08.445 DEBUG 95608 --- [main] o.s.web.context.ContextLoader            : Published root WebApplicationContext as ServletContext attribute with name [org.springframework.web.context.WebApplicationContext.ROOT]
2019-10-24 10:26:08.445  INFO 95608 --- [main] o.s.web.context.ContextLoader            : Root WebApplicationContext: initialization completed in 1450 ms
2019-10-24 10:26:08.583  INFO 95608 --- [main] com.zaxxer.hikari.HikariDataSource       : HikariPool-1 - Starting...
2019-10-24 10:26:08.784  INFO 95608 --- [main] com.zaxxer.hikari.HikariDataSource       : HikariPool-1 - Start completed.
2019-10-24 10:26:08.784  INFO 95608 --- [main] o.s.b.a.h2.H2ConsoleAutoConfiguration    : H2 console available at '/h2-console'. Database available at 'jdbc:h2:file:./target/bookings'
2019-10-24 10:26:08.978  INFO 95608 --- [main] o.hibernate.jpa.internal.util.LogHelper  : HHH000204: Processing PersistenceUnitInfo [name: default]
2019-10-24 10:26:09.031  INFO 95608 --- [main] org.hibernate.Version                    : HHH000412: Hibernate Core {5.4.6.Final}
2019-10-24 10:26:09.186  INFO 95608 --- [main] o.hibernate.annotations.common.Version   : HCANN000001: Hibernate Commons Annotations {5.1.0.Final}
2019-10-24 10:26:09.303  INFO 95608 --- [main] org.hibernate.dialect.Dialect            : HHH000400: Using dialect: org.hibernate.dialect.H2Dialect
2019-10-24 10:26:09.502  INFO 95608 --- [main] o.h.e.t.j.p.i.JtaPlatformInitiator       : HHH000490: Using JtaPlatform implementation: [org.hibernate.engine.transaction.jta.platform.internal.NoJtaPlatform]
2019-10-24 10:26:09.512  INFO 95608 --- [main] j.LocalContainerEntityManagerFactoryBean : Initialized JPA EntityManagerFactory for persistence unit 'default'
2019-10-24 10:26:09.523  WARN 95608 --- [main] ConfigServletWebServerApplicationContext : Exception encountered during context initialization - cancelling refresh attempt: org.springframework.beans.factory.UnsatisfiedDependencyException: Error creating bean with name 'bookingController': Unsatisfied dependency expressed through field 'bookingService'; nested exception is org.springframework.beans.factory.NoSuchBeanDefinitionException: No qualifying bean of type 'com.minipackage.minipackage.Service.BookingService' available: expected at least 1 bean which qualifies as autowire candidate. Dependency annotations: {@org.springframework.beans.factory.annotation.Autowired(required=true)}
2019-10-24 10:26:09.523  INFO 95608 --- [main] j.LocalContainerEntityManagerFactoryBean : Closing JPA EntityManagerFactory for persistence unit 'default'
2019-10-24 10:26:09.523  INFO 95608 --- [main] .SchemaDropperImpl$DelayedDropActionImpl : HHH000477: Starting delayed evictData of schema as part of SessionFactory shut-down'
2019-10-24 10:26:09.523  INFO 95608 --- [main] com.zaxxer.hikari.HikariDataSource       : HikariPool-1 - Shutdown initiated...
2019-10-24 10:26:09.533  INFO 95608 --- [main] com.zaxxer.hikari.HikariDataSource       : HikariPool-1 - Shutdown completed.
2019-10-24 10:26:09.533  INFO 95608 --- [main] o.apache.catalina.core.StandardService   : Stopping service [Tomcat]
2019-10-24 10:26:09.543  INFO 95608 --- [main] ConditionEvaluationReportLoggingListener : 

Error starting ApplicationContext. To display the conditions report re-run your application with 'debug' enabled.
2019-10-24 10:26:09.644 ERROR 95608 --- [main] o.s.b.d.LoggingFailureAnalysisReporter   : 

***************************
APPLICATION FAILED TO START
***************************

Description:

Field bookingService in com.minipackage.minipackage.Controller.BookingController required a bean of type 'com.minipackage.minipackage.Service.BookingService' that could not be found.

The injection point has the following annotations:
	- @org.springframework.beans.factory.annotation.Autowired(required=true)


Action:

Consider defining a bean of type 'com.minipackage.minipackage.Service.BookingService' in your configuration.

2019-10-24 10:28:21.915  INFO 95868 --- [main] c.m.minipackage.MiniPackageApplication   : Starting MiniPackageApplication on ITAMNL24-W10 with PID 95868 (D:\ECHONMI\React\Day14_Comprehensive_exercise_mini_package\mini-package\out\production\classes started by ECHONMI in D:\ECHONMI\React\Day14_Comprehensive_exercise_mini_package\mini-package)
2019-10-24 10:28:21.931  INFO 95868 --- [main] c.m.minipackage.MiniPackageApplication   : No active profile set, falling back to default profiles: default
2019-10-24 10:28:22.633  INFO 95868 --- [main] .s.d.r.c.RepositoryConfigurationDelegate : Bootstrapping Spring Data repositories in DEFAULT mode.
2019-10-24 10:28:22.648  INFO 95868 --- [main] .s.d.r.c.RepositoryConfigurationDelegate : Finished Spring Data repository scanning in 13ms. Found 0 repository interfaces.
2019-10-24 10:28:22.885  INFO 95868 --- [main] trationDelegate$BeanPostProcessorChecker : Bean 'org.springframework.transaction.annotation.ProxyTransactionManagementConfiguration' of type [org.springframework.transaction.annotation.ProxyTransactionManagementConfiguration] is not eligible for getting processed by all BeanPostProcessors (for example: not eligible for auto-proxying)
2019-10-24 10:28:23.380  INFO 95868 --- [main] o.s.b.w.embedded.tomcat.TomcatWebServer  : Tomcat initialized with port(s): 8081 (http)
2019-10-24 10:28:23.380  INFO 95868 --- [main] o.apache.catalina.core.StandardService   : Starting service [Tomcat]
2019-10-24 10:28:23.380  INFO 95868 --- [main] org.apache.catalina.core.StandardEngine  : Starting Servlet engine: [Apache Tomcat/9.0.27]
2019-10-24 10:28:23.480  INFO 95868 --- [main] o.a.c.c.C.[Tomcat].[localhost].[/]       : Initializing Spring embedded WebApplicationContext
2019-10-24 10:28:23.480 DEBUG 95868 --- [main] o.s.web.context.ContextLoader            : Published root WebApplicationContext as ServletContext attribute with name [org.springframework.web.context.WebApplicationContext.ROOT]
2019-10-24 10:28:23.480  INFO 95868 --- [main] o.s.web.context.ContextLoader            : Root WebApplicationContext: initialization completed in 1502 ms
2019-10-24 10:28:23.565  INFO 95868 --- [main] com.zaxxer.hikari.HikariDataSource       : HikariPool-1 - Starting...
2019-10-24 10:28:23.765  INFO 95868 --- [main] com.zaxxer.hikari.HikariDataSource       : HikariPool-1 - Start completed.
2019-10-24 10:28:23.780  INFO 95868 --- [main] o.s.b.a.h2.H2ConsoleAutoConfiguration    : H2 console available at '/h2-console'. Database available at 'jdbc:h2:file:./target/bookings'
2019-10-24 10:28:23.950  INFO 95868 --- [main] o.hibernate.jpa.internal.util.LogHelper  : HHH000204: Processing PersistenceUnitInfo [name: default]
2019-10-24 10:28:23.997  INFO 95868 --- [main] org.hibernate.Version                    : HHH000412: Hibernate Core {5.4.6.Final}
2019-10-24 10:28:24.112  INFO 95868 --- [main] o.hibernate.annotations.common.Version   : HCANN000001: Hibernate Commons Annotations {5.1.0.Final}
2019-10-24 10:28:24.213  INFO 95868 --- [main] org.hibernate.dialect.Dialect            : HHH000400: Using dialect: org.hibernate.dialect.H2Dialect
2019-10-24 10:28:24.729  INFO 95868 --- [main] o.h.e.t.j.p.i.JtaPlatformInitiator       : HHH000490: Using JtaPlatform implementation: [org.hibernate.engine.transaction.jta.platform.internal.NoJtaPlatform]
2019-10-24 10:28:24.729  INFO 95868 --- [main] j.LocalContainerEntityManagerFactoryBean : Initialized JPA EntityManagerFactory for persistence unit 'default'
2019-10-24 10:28:24.773  WARN 95868 --- [main] JpaBaseConfiguration$JpaWebConfiguration : spring.jpa.open-in-view is enabled by default. Therefore, database queries may be performed during view rendering. Explicitly configure spring.jpa.open-in-view to disable this warning
2019-10-24 10:28:24.867  INFO 95868 --- [main] o.s.s.concurrent.ThreadPoolTaskExecutor  : Initializing ExecutorService 'applicationTaskExecutor'
2019-10-24 10:28:24.867 DEBUG 95868 --- [main] s.w.s.m.m.a.RequestMappingHandlerAdapter : ControllerAdvice beans: 0 @ModelAttribute, 0 @InitBinder, 1 RequestBodyAdvice, 1 ResponseBodyAdvice
2019-10-24 10:28:24.930 DEBUG 95868 --- [main] s.w.s.m.m.a.RequestMappingHandlerMapping : 3 mappings in 'requestMappingHandlerMapping'
2019-10-24 10:28:24.952 DEBUG 95868 --- [main] o.s.w.s.handler.SimpleUrlHandlerMapping  : Patterns [/webjars/**, /**] in 'resourceHandlerMapping'
2019-10-24 10:28:24.952 DEBUG 95868 --- [main] .m.m.a.ExceptionHandlerExceptionResolver : ControllerAdvice beans: 0 @ExceptionHandler, 1 ResponseBodyAdvice
2019-10-24 10:28:25.068  INFO 95868 --- [main] o.s.b.a.e.web.EndpointLinksResolver      : Exposing 2 endpoint(s) beneath base path '/actuator'
2019-10-24 10:28:25.115  INFO 95868 --- [main] o.s.b.w.embedded.tomcat.TomcatWebServer  : Tomcat started on port(s): 8081 (http) with context path ''
2019-10-24 10:28:25.115  INFO 95868 --- [main] c.m.minipackage.MiniPackageApplication   : Started MiniPackageApplication in 3.582 seconds (JVM running for 4.005)
2019-10-24 10:28:49.303  INFO 95868 --- [http-nio-8081-exec-1] o.a.c.c.C.[Tomcat].[localhost].[/]       : Initializing Spring DispatcherServlet 'dispatcherServlet'
2019-10-24 10:28:49.303  INFO 95868 --- [http-nio-8081-exec-1] o.s.web.servlet.DispatcherServlet        : Initializing Servlet 'dispatcherServlet'
2019-10-24 10:28:49.303 DEBUG 95868 --- [http-nio-8081-exec-1] o.s.web.servlet.DispatcherServlet        : Detected StandardServletMultipartResolver
2019-10-24 10:28:49.303 DEBUG 95868 --- [http-nio-8081-exec-1] o.s.web.servlet.DispatcherServlet        : enableLoggingRequestDetails='false': request parameters and headers will be masked to prevent unsafe logging of potentially sensitive data
2019-10-24 10:28:49.303  INFO 95868 --- [http-nio-8081-exec-1] o.s.web.servlet.DispatcherServlet        : Completed initialization in 0 ms
2019-10-24 10:28:49.319 DEBUG 95868 --- [http-nio-8081-exec-1] o.s.web.servlet.DispatcherServlet        : GET "/favicon.ico", parameters={}
2019-10-24 10:28:49.319 DEBUG 95868 --- [http-nio-8081-exec-1] o.s.w.s.handler.SimpleUrlHandlerMapping  : Mapped to ResourceHttpRequestHandler ["classpath:/META-INF/resources/", "classpath:/resources/", "classpath:/static/", "classpath:/public/", "/"]
2019-10-24 10:28:49.341 DEBUG 95868 --- [http-nio-8081-exec-6] o.s.web.servlet.DispatcherServlet        : GET "/favicon.ico", parameters={}
2019-10-24 10:28:49.341 DEBUG 95868 --- [http-nio-8081-exec-6] o.s.w.s.handler.SimpleUrlHandlerMapping  : Mapped to ResourceHttpRequestHandler ["classpath:/META-INF/resources/", "classpath:/resources/", "classpath:/static/", "classpath:/public/", "/"]
2019-10-24 10:28:49.388 DEBUG 95868 --- [http-nio-8081-exec-1] o.s.w.s.r.ResourceHttpRequestHandler     : Resource not found
2019-10-24 10:28:49.388 DEBUG 95868 --- [http-nio-8081-exec-6] o.s.w.s.r.ResourceHttpRequestHandler     : Resource not found
2019-10-24 10:28:49.388 DEBUG 95868 --- [http-nio-8081-exec-1] o.s.web.servlet.DispatcherServlet        : Completed 404 NOT_FOUND
2019-10-24 10:28:49.388 DEBUG 95868 --- [http-nio-8081-exec-6] o.s.web.servlet.DispatcherServlet        : Completed 404 NOT_FOUND
2019-10-24 10:28:49.403 DEBUG 95868 --- [http-nio-8081-exec-6] o.s.web.servlet.DispatcherServlet        : "ERROR" dispatch for GET "/error", parameters={}
2019-10-24 10:28:49.403 DEBUG 95868 --- [http-nio-8081-exec-1] o.s.web.servlet.DispatcherServlet        : "ERROR" dispatch for GET "/error", parameters={}
2019-10-24 10:28:49.403 DEBUG 95868 --- [http-nio-8081-exec-6] s.w.s.m.m.a.RequestMappingHandlerMapping : Mapped to org.springframework.boot.autoconfigure.web.servlet.error.BasicErrorController#error(HttpServletRequest)
2019-10-24 10:28:49.403 DEBUG 95868 --- [http-nio-8081-exec-1] s.w.s.m.m.a.RequestMappingHandlerMapping : Mapped to org.springframework.boot.autoconfigure.web.servlet.error.BasicErrorController#errorHtml(HttpServletRequest, HttpServletResponse)
2019-10-24 10:28:49.503 DEBUG 95868 --- [http-nio-8081-exec-9] o.s.web.servlet.DispatcherServlet        : GET "/favicon.ico", parameters={}
2019-10-24 10:28:49.503 DEBUG 95868 --- [http-nio-8081-exec-10] o.s.web.servlet.DispatcherServlet        : GET "/favicon.ico", parameters={}
2019-10-24 10:28:49.503 DEBUG 95868 --- [http-nio-8081-exec-10] o.s.w.s.handler.SimpleUrlHandlerMapping  : Mapped to ResourceHttpRequestHandler ["classpath:/META-INF/resources/", "classpath:/resources/", "classpath:/static/", "classpath:/public/", "/"]
2019-10-24 10:28:49.503 DEBUG 95868 --- [http-nio-8081-exec-9] o.s.w.s.handler.SimpleUrlHandlerMapping  : Mapped to ResourceHttpRequestHandler ["classpath:/META-INF/resources/", "classpath:/resources/", "classpath:/static/", "classpath:/public/", "/"]
2019-10-24 10:28:49.503 DEBUG 95868 --- [http-nio-8081-exec-9] o.s.w.s.r.ResourceHttpRequestHandler     : Resource not found
2019-10-24 10:28:49.503 DEBUG 95868 --- [http-nio-8081-exec-10] o.s.w.s.r.ResourceHttpRequestHandler     : Resource not found
2019-10-24 10:28:49.519 DEBUG 95868 --- [http-nio-8081-exec-10] o.s.web.servlet.DispatcherServlet        : Completed 404 NOT_FOUND
2019-10-24 10:28:49.519 DEBUG 95868 --- [http-nio-8081-exec-10] o.s.web.servlet.DispatcherServlet        : "ERROR" dispatch for GET "/error", parameters={}
2019-10-24 10:28:49.519 DEBUG 95868 --- [http-nio-8081-exec-10] s.w.s.m.m.a.RequestMappingHandlerMapping : Mapped to org.springframework.boot.autoconfigure.web.servlet.error.BasicErrorController#error(HttpServletRequest)
2019-10-24 10:28:49.519 DEBUG 95868 --- [http-nio-8081-exec-9] o.s.web.servlet.DispatcherServlet        : Completed 404 NOT_FOUND
2019-10-24 10:28:49.519 DEBUG 95868 --- [http-nio-8081-exec-9] o.s.web.servlet.DispatcherServlet        : "ERROR" dispatch for GET "/error", parameters={}
2019-10-24 10:28:49.519 DEBUG 95868 --- [http-nio-8081-exec-9] s.w.s.m.m.a.RequestMappingHandlerMapping : Mapped to org.springframework.boot.autoconfigure.web.servlet.error.BasicErrorController#errorHtml(HttpServletRequest, HttpServletResponse)
2019-10-24 10:28:49.519 DEBUG 95868 --- [http-nio-8081-exec-1] o.s.w.s.v.ContentNegotiatingViewResolver : Selected 'text/html' given [text/html, text/html;q=0.8]
2019-10-24 10:28:49.519 DEBUG 95868 --- [http-nio-8081-exec-9] o.s.w.s.v.ContentNegotiatingViewResolver : Selected 'text/html' given [text/html, text/html;q=0.8]
2019-10-24 10:28:49.535 DEBUG 95868 --- [http-nio-8081-exec-1] o.s.web.servlet.DispatcherServlet        : Exiting from "ERROR" dispatch, status 404
2019-10-24 10:28:49.535 DEBUG 95868 --- [http-nio-8081-exec-9] o.s.web.servlet.DispatcherServlet        : Exiting from "ERROR" dispatch, status 404
2019-10-24 10:28:49.535 DEBUG 95868 --- [http-nio-8081-exec-6] o.s.w.s.m.m.a.HttpEntityMethodProcessor  : Using 'application/json', given [*/*] and supported [application/json, application/*+json, application/json, application/*+json]
2019-10-24 10:28:49.535 DEBUG 95868 --- [http-nio-8081-exec-10] o.s.w.s.m.m.a.HttpEntityMethodProcessor  : Using 'application/json', given [*/*] and supported [application/json, application/*+json, application/json, application/*+json]
2019-10-24 10:28:49.541 DEBUG 95868 --- [http-nio-8081-exec-10] o.s.w.s.m.m.a.HttpEntityMethodProcessor  : Writing [{timestamp=Thu Oct 24 10:28:49 CST 2019, status=404, error=Not Found, message=No message available,  (truncated)...]
2019-10-24 10:28:49.541 DEBUG 95868 --- [http-nio-8081-exec-6] o.s.w.s.m.m.a.HttpEntityMethodProcessor  : Writing [{timestamp=Thu Oct 24 10:28:49 CST 2019, status=404, error=Not Found, message=No message available,  (truncated)...]
2019-10-24 10:28:49.572 DEBUG 95868 --- [http-nio-8081-exec-6] o.s.web.servlet.DispatcherServlet        : Exiting from "ERROR" dispatch, status 404
2019-10-24 10:28:49.572 DEBUG 95868 --- [http-nio-8081-exec-10] o.s.web.servlet.DispatcherServlet        : Exiting from "ERROR" dispatch, status 404
2019-10-24 10:30:50.437 DEBUG 95868 --- [http-nio-8081-exec-7] o.s.web.servlet.DispatcherServlet        : POST "/bookings", parameters={}
2019-10-24 10:30:50.437 DEBUG 95868 --- [http-nio-8081-exec-7] s.w.s.m.m.a.RequestMappingHandlerMapping : Mapped to com.minipackage.minipackage.Controller.BookingController#createBooking(Packages)
2019-10-24 10:30:50.475 DEBUG 95868 --- [http-nio-8081-exec-7] m.m.a.RequestResponseBodyMethodProcessor : Read "application/json;charset=UTF-8" to [com.minipackage.minipackage.Entity.Packages@40c6c45]
2019-10-24 10:30:50.480 DEBUG 95868 --- [http-nio-8081-exec-7] o.s.web.servlet.DispatcherServlet        : Completed 201 CREATED
2019-10-24 10:31:29.362 DEBUG 95868 --- [http-nio-8081-exec-1] o.s.web.servlet.DispatcherServlet        : POST "/bookings", parameters={}
2019-10-24 10:31:29.362 DEBUG 95868 --- [http-nio-8081-exec-1] s.w.s.m.m.a.RequestMappingHandlerMapping : Mapped to com.minipackage.minipackage.Controller.BookingController#createBooking(Packages)
2019-10-24 10:31:29.363 DEBUG 95868 --- [http-nio-8081-exec-1] m.m.a.RequestResponseBodyMethodProcessor : Read "application/json;charset=UTF-8" to [com.minipackage.minipackage.Entity.Packages@60cc0718]
2019-10-24 10:31:29.363 DEBUG 95868 --- [http-nio-8081-exec-1] o.s.web.servlet.DispatcherServlet        : Completed 201 CREATED
2019-10-24 10:33:18.005  INFO 95360 --- [main] c.m.minipackage.MiniPackageApplication   : Starting MiniPackageApplication on ITAMNL24-W10 with PID 95360 (D:\ECHONMI\React\Day14_Comprehensive_exercise_mini_package\mini-package\out\production\classes started by ECHONMI in D:\ECHONMI\React\Day14_Comprehensive_exercise_mini_package\mini-package)
2019-10-24 10:33:18.020  INFO 95360 --- [main] c.m.minipackage.MiniPackageApplication   : No active profile set, falling back to default profiles: default
2019-10-24 10:33:18.755  INFO 95360 --- [main] .s.d.r.c.RepositoryConfigurationDelegate : Bootstrapping Spring Data repositories in DEFAULT mode.
2019-10-24 10:33:18.824  INFO 95360 --- [main] .s.d.r.c.RepositoryConfigurationDelegate : Finished Spring Data repository scanning in 61ms. Found 1 repository interfaces.
2019-10-24 10:33:19.075  INFO 95360 --- [main] trationDelegate$BeanPostProcessorChecker : Bean 'org.springframework.transaction.annotation.ProxyTransactionManagementConfiguration' of type [org.springframework.transaction.annotation.ProxyTransactionManagementConfiguration] is not eligible for getting processed by all BeanPostProcessors (for example: not eligible for auto-proxying)
2019-10-24 10:33:19.492  INFO 95360 --- [main] o.s.b.w.embedded.tomcat.TomcatWebServer  : Tomcat initialized with port(s): 8081 (http)
2019-10-24 10:33:19.492  INFO 95360 --- [main] o.apache.catalina.core.StandardService   : Starting service [Tomcat]
2019-10-24 10:33:19.492  INFO 95360 --- [main] org.apache.catalina.core.StandardEngine  : Starting Servlet engine: [Apache Tomcat/9.0.27]
2019-10-24 10:33:19.592  INFO 95360 --- [main] o.a.c.c.C.[Tomcat].[localhost].[/]       : Initializing Spring embedded WebApplicationContext
2019-10-24 10:33:19.592 DEBUG 95360 --- [main] o.s.web.context.ContextLoader            : Published root WebApplicationContext as ServletContext attribute with name [org.springframework.web.context.WebApplicationContext.ROOT]
2019-10-24 10:33:19.592  INFO 95360 --- [main] o.s.web.context.ContextLoader            : Root WebApplicationContext: initialization completed in 1538 ms
2019-10-24 10:33:19.692  INFO 95360 --- [main] com.zaxxer.hikari.HikariDataSource       : HikariPool-1 - Starting...
2019-10-24 10:33:19.862  INFO 95360 --- [main] com.zaxxer.hikari.HikariDataSource       : HikariPool-1 - Start completed.
2019-10-24 10:33:19.877  INFO 95360 --- [main] o.s.b.a.h2.H2ConsoleAutoConfiguration    : H2 console available at '/h2-console'. Database available at 'jdbc:h2:file:./target/bookings'
2019-10-24 10:33:20.040  INFO 95360 --- [main] o.hibernate.jpa.internal.util.LogHelper  : HHH000204: Processing PersistenceUnitInfo [name: default]
2019-10-24 10:33:20.093  INFO 95360 --- [main] org.hibernate.Version                    : HHH000412: Hibernate Core {5.4.6.Final}
2019-10-24 10:33:20.248  INFO 95360 --- [main] o.hibernate.annotations.common.Version   : HCANN000001: Hibernate Commons Annotations {5.1.0.Final}
2019-10-24 10:33:20.341  INFO 95360 --- [main] org.hibernate.dialect.Dialect            : HHH000400: Using dialect: org.hibernate.dialect.H2Dialect
2019-10-24 10:33:20.857  INFO 95360 --- [main] o.h.e.t.j.p.i.JtaPlatformInitiator       : HHH000490: Using JtaPlatform implementation: [org.hibernate.engine.transaction.jta.platform.internal.NoJtaPlatform]
2019-10-24 10:33:20.857  INFO 95360 --- [main] j.LocalContainerEntityManagerFactoryBean : Initialized JPA EntityManagerFactory for persistence unit 'default'
2019-10-24 10:33:20.904  WARN 95360 --- [main] JpaBaseConfiguration$JpaWebConfiguration : spring.jpa.open-in-view is enabled by default. Therefore, database queries may be performed during view rendering. Explicitly configure spring.jpa.open-in-view to disable this warning
2019-10-24 10:33:21.205  INFO 95360 --- [main] o.s.s.concurrent.ThreadPoolTaskExecutor  : Initializing ExecutorService 'applicationTaskExecutor'
2019-10-24 10:33:21.205 DEBUG 95360 --- [main] s.w.s.m.m.a.RequestMappingHandlerAdapter : ControllerAdvice beans: 0 @ModelAttribute, 0 @InitBinder, 1 RequestBodyAdvice, 1 ResponseBodyAdvice
2019-10-24 10:33:21.253 DEBUG 95360 --- [main] s.w.s.m.m.a.RequestMappingHandlerMapping : 3 mappings in 'requestMappingHandlerMapping'
2019-10-24 10:33:21.283 DEBUG 95360 --- [main] o.s.w.s.handler.SimpleUrlHandlerMapping  : Patterns [/webjars/**, /**] in 'resourceHandlerMapping'
2019-10-24 10:33:21.290 DEBUG 95360 --- [main] .m.m.a.ExceptionHandlerExceptionResolver : ControllerAdvice beans: 0 @ExceptionHandler, 1 ResponseBodyAdvice
2019-10-24 10:33:21.373  INFO 95360 --- [main] o.s.b.a.e.web.EndpointLinksResolver      : Exposing 2 endpoint(s) beneath base path '/actuator'
2019-10-24 10:33:21.427  INFO 95360 --- [main] o.s.b.w.embedded.tomcat.TomcatWebServer  : Tomcat started on port(s): 8081 (http) with context path ''
2019-10-24 10:33:21.543  INFO 95360 --- [main] c.m.minipackage.MiniPackageApplication   : Started MiniPackageApplication in 3.939 seconds (JVM running for 4.354)
2019-10-24 10:33:25.838  INFO 95360 --- [http-nio-8081-exec-2] o.a.c.c.C.[Tomcat].[localhost].[/]       : Initializing Spring DispatcherServlet 'dispatcherServlet'
2019-10-24 10:33:25.838  INFO 95360 --- [http-nio-8081-exec-2] o.s.web.servlet.DispatcherServlet        : Initializing Servlet 'dispatcherServlet'
2019-10-24 10:33:25.838 DEBUG 95360 --- [http-nio-8081-exec-2] o.s.web.servlet.DispatcherServlet        : Detected StandardServletMultipartResolver
2019-10-24 10:33:25.843 DEBUG 95360 --- [http-nio-8081-exec-2] o.s.web.servlet.DispatcherServlet        : enableLoggingRequestDetails='false': request parameters and headers will be masked to prevent unsafe logging of potentially sensitive data
2019-10-24 10:33:25.844  INFO 95360 --- [http-nio-8081-exec-2] o.s.web.servlet.DispatcherServlet        : Completed initialization in 6 ms
2019-10-24 10:33:25.852 DEBUG 95360 --- [http-nio-8081-exec-2] o.s.web.servlet.DispatcherServlet        : POST "/bookings", parameters={}
2019-10-24 10:33:25.861 DEBUG 95360 --- [http-nio-8081-exec-2] s.w.s.m.m.a.RequestMappingHandlerMapping : Mapped to com.minipackage.minipackage.Controller.BookingController#createBooking(Packages)
2019-10-24 10:33:25.944 DEBUG 95360 --- [http-nio-8081-exec-2] m.m.a.RequestResponseBodyMethodProcessor : Read "application/json;charset=UTF-8" to [com.minipackage.minipackage.Entity.Packages@130fc48a]
2019-10-24 10:33:25.949 DEBUG 95360 --- [http-nio-8081-exec-2] o.s.web.servlet.DispatcherServlet        : Failed to complete request: java.lang.NullPointerException
2019-10-24 10:33:25.960 ERROR 95360 --- [http-nio-8081-exec-2] o.a.c.c.C.[.[.[/].[dispatcherServlet]    : Servlet.service() for servlet [dispatcherServlet] in context with path [] threw exception [Request processing failed; nested exception is java.lang.NullPointerException] with root cause

java.lang.NullPointerException: null
	at com.minipackage.minipackage.Service.BookingService.add(BookingService.java:13) ~[classes/:na]
	at com.minipackage.minipackage.Controller.BookingController.createBooking(BookingController.java:19) ~[classes/:na]
	at sun.reflect.NativeMethodAccessorImpl.invoke0(Native Method) ~[na:1.8.0_121]
	at sun.reflect.NativeMethodAccessorImpl.invoke(NativeMethodAccessorImpl.java:62) ~[na:1.8.0_121]
	at sun.reflect.DelegatingMethodAccessorImpl.invoke(DelegatingMethodAccessorImpl.java:43) ~[na:1.8.0_121]
	at java.lang.reflect.Method.invoke(Method.java:498) ~[na:1.8.0_121]
	at org.springframework.web.method.support.InvocableHandlerMethod.doInvoke(InvocableHandlerMethod.java:190) ~[spring-web-5.2.0.RELEASE.jar:5.2.0.RELEASE]
	at org.springframework.web.method.support.InvocableHandlerMethod.invokeForRequest(InvocableHandlerMethod.java:138) ~[spring-web-5.2.0.RELEASE.jar:5.2.0.RELEASE]
	at org.springframework.web.servlet.mvc.method.annotation.ServletInvocableHandlerMethod.invokeAndHandle(ServletInvocableHandlerMethod.java:106) ~[spring-webmvc-5.2.0.RELEASE.jar:5.2.0.RELEASE]
	at org.springframework.web.servlet.mvc.method.annotation.RequestMappingHandlerAdapter.invokeHandlerMethod(RequestMappingHandlerAdapter.java:888) ~[spring-webmvc-5.2.0.RELEASE.jar:5.2.0.RELEASE]
	at org.springframework.web.servlet.mvc.method.annotation.RequestMappingHandlerAdapter.handleInternal(RequestMappingHandlerAdapter.java:793) ~[spring-webmvc-5.2.0.RELEASE.jar:5.2.0.RELEASE]
	at org.springframework.web.servlet.mvc.method.AbstractHandlerMethodAdapter.handle(AbstractHandlerMethodAdapter.java:87) ~[spring-webmvc-5.2.0.RELEASE.jar:5.2.0.RELEASE]
	at org.springframework.web.servlet.DispatcherServlet.doDispatch(DispatcherServlet.java:1040) ~[spring-webmvc-5.2.0.RELEASE.jar:5.2.0.RELEASE]
	at org.springframework.web.servlet.DispatcherServlet.doService(DispatcherServlet.java:943) ~[spring-webmvc-5.2.0.RELEASE.jar:5.2.0.RELEASE]
	at org.springframework.web.servlet.FrameworkServlet.processRequest(FrameworkServlet.java:1006) ~[spring-webmvc-5.2.0.RELEASE.jar:5.2.0.RELEASE]
	at org.springframework.web.servlet.FrameworkServlet.doPost(FrameworkServlet.java:909) ~[spring-webmvc-5.2.0.RELEASE.jar:5.2.0.RELEASE]
	at javax.servlet.http.HttpServlet.service(HttpServlet.java:660) ~[tomcat-embed-core-9.0.27.jar:9.0.27]
	at org.springframework.web.servlet.FrameworkServlet.service(FrameworkServlet.java:883) ~[spring-webmvc-5.2.0.RELEASE.jar:5.2.0.RELEASE]
	at javax.servlet.http.HttpServlet.service(HttpServlet.java:741) ~[tomcat-embed-core-9.0.27.jar:9.0.27]
	at org.apache.catalina.core.ApplicationFilterChain.internalDoFilter(ApplicationFilterChain.java:231) ~[tomcat-embed-core-9.0.27.jar:9.0.27]
	at org.apache.catalina.core.ApplicationFilterChain.doFilter(ApplicationFilterChain.java:166) ~[tomcat-embed-core-9.0.27.jar:9.0.27]
	at org.apache.tomcat.websocket.server.WsFilter.doFilter(WsFilter.java:53) ~[tomcat-embed-websocket-9.0.27.jar:9.0.27]
	at org.apache.catalina.core.ApplicationFilterChain.internalDoFilter(ApplicationFilterChain.java:193) ~[tomcat-embed-core-9.0.27.jar:9.0.27]
	at org.apache.catalina.core.ApplicationFilterChain.doFilter(ApplicationFilterChain.java:166) ~[tomcat-embed-core-9.0.27.jar:9.0.27]
	at org.springframework.web.filter.RequestContextFilter.doFilterInternal(RequestContextFilter.java:100) ~[spring-web-5.2.0.RELEASE.jar:5.2.0.RELEASE]
	at org.springframework.web.filter.OncePerRequestFilter.doFilter(OncePerRequestFilter.java:119) ~[spring-web-5.2.0.RELEASE.jar:5.2.0.RELEASE]
	at org.apache.catalina.core.ApplicationFilterChain.internalDoFilter(ApplicationFilterChain.java:193) ~[tomcat-embed-core-9.0.27.jar:9.0.27]
	at org.apache.catalina.core.ApplicationFilterChain.doFilter(ApplicationFilterChain.java:166) ~[tomcat-embed-core-9.0.27.jar:9.0.27]
	at org.springframework.web.filter.FormContentFilter.doFilterInternal(FormContentFilter.java:93) ~[spring-web-5.2.0.RELEASE.jar:5.2.0.RELEASE]
	at org.springframework.web.filter.OncePerRequestFilter.doFilter(OncePerRequestFilter.java:119) ~[spring-web-5.2.0.RELEASE.jar:5.2.0.RELEASE]
	at org.apache.catalina.core.ApplicationFilterChain.internalDoFilter(ApplicationFilterChain.java:193) ~[tomcat-embed-core-9.0.27.jar:9.0.27]
	at org.apache.catalina.core.ApplicationFilterChain.doFilter(ApplicationFilterChain.java:166) ~[tomcat-embed-core-9.0.27.jar:9.0.27]
	at org.springframework.boot.actuate.metrics.web.servlet.WebMvcMetricsFilter.doFilterInternal(WebMvcMetricsFilter.java:108) ~[spring-boot-actuator-2.2.0.RELEASE.jar:2.2.0.RELEASE]
	at org.springframework.web.filter.OncePerRequestFilter.doFilter(OncePerRequestFilter.java:119) ~[spring-web-5.2.0.RELEASE.jar:5.2.0.RELEASE]
	at org.apache.catalina.core.ApplicationFilterChain.internalDoFilter(ApplicationFilterChain.java:193) ~[tomcat-embed-core-9.0.27.jar:9.0.27]
	at org.apache.catalina.core.ApplicationFilterChain.doFilter(ApplicationFilterChain.java:166) ~[tomcat-embed-core-9.0.27.jar:9.0.27]
	at org.springframework.web.filter.CharacterEncodingFilter.doFilterInternal(CharacterEncodingFilter.java:201) ~[spring-web-5.2.0.RELEASE.jar:5.2.0.RELEASE]
	at org.springframework.web.filter.OncePerRequestFilter.doFilter(OncePerRequestFilter.java:119) ~[spring-web-5.2.0.RELEASE.jar:5.2.0.RELEASE]
	at org.apache.catalina.core.ApplicationFilterChain.internalDoFilter(ApplicationFilterChain.java:193) ~[tomcat-embed-core-9.0.27.jar:9.0.27]
	at org.apache.catalina.core.ApplicationFilterChain.doFilter(ApplicationFilterChain.java:166) ~[tomcat-embed-core-9.0.27.jar:9.0.27]
	at org.apache.catalina.core.StandardWrapperValve.invoke(StandardWrapperValve.java:202) ~[tomcat-embed-core-9.0.27.jar:9.0.27]
	at org.apache.catalina.core.StandardContextValve.invoke(StandardContextValve.java:96) [tomcat-embed-core-9.0.27.jar:9.0.27]
	at org.apache.catalina.authenticator.AuthenticatorBase.invoke(AuthenticatorBase.java:526) [tomcat-embed-core-9.0.27.jar:9.0.27]
	at org.apache.catalina.core.StandardHostValve.invoke(StandardHostValve.java:139) [tomcat-embed-core-9.0.27.jar:9.0.27]
	at org.apache.catalina.valves.ErrorReportValve.invoke(ErrorReportValve.java:92) [tomcat-embed-core-9.0.27.jar:9.0.27]
	at org.apache.catalina.core.StandardEngineValve.invoke(StandardEngineValve.java:74) [tomcat-embed-core-9.0.27.jar:9.0.27]
	at org.apache.catalina.connector.CoyoteAdapter.service(CoyoteAdapter.java:343) [tomcat-embed-core-9.0.27.jar:9.0.27]
	at org.apache.coyote.http11.Http11Processor.service(Http11Processor.java:408) [tomcat-embed-core-9.0.27.jar:9.0.27]
	at org.apache.coyote.AbstractProcessorLight.process(AbstractProcessorLight.java:66) [tomcat-embed-core-9.0.27.jar:9.0.27]
	at org.apache.coyote.AbstractProtocol$ConnectionHandler.process(AbstractProtocol.java:861) [tomcat-embed-core-9.0.27.jar:9.0.27]
	at org.apache.tomcat.util.net.NioEndpoint$SocketProcessor.doRun(NioEndpoint.java:1579) [tomcat-embed-core-9.0.27.jar:9.0.27]
	at org.apache.tomcat.util.net.SocketProcessorBase.run(SocketProcessorBase.java:49) [tomcat-embed-core-9.0.27.jar:9.0.27]
	at java.util.concurrent.ThreadPoolExecutor.runWorker(ThreadPoolExecutor.java:1142) [na:1.8.0_121]
	at java.util.concurrent.ThreadPoolExecutor$Worker.run(ThreadPoolExecutor.java:617) [na:1.8.0_121]
	at org.apache.tomcat.util.threads.TaskThread$WrappingRunnable.run(TaskThread.java:61) [tomcat-embed-core-9.0.27.jar:9.0.27]
	at java.lang.Thread.run(Thread.java:745) [na:1.8.0_121]

2019-10-24 10:33:25.964 DEBUG 95360 --- [http-nio-8081-exec-2] o.s.web.servlet.DispatcherServlet        : "ERROR" dispatch for POST "/error", parameters={}
2019-10-24 10:33:25.966 DEBUG 95360 --- [http-nio-8081-exec-2] s.w.s.m.m.a.RequestMappingHandlerMapping : Mapped to org.springframework.boot.autoconfigure.web.servlet.error.BasicErrorController#error(HttpServletRequest)
2019-10-24 10:33:25.981 DEBUG 95360 --- [http-nio-8081-exec-2] o.s.w.s.m.m.a.HttpEntityMethodProcessor  : Using 'application/json', given [*/*] and supported [application/json, application/*+json, application/json, application/*+json]
2019-10-24 10:33:25.981 DEBUG 95360 --- [http-nio-8081-exec-2] o.s.w.s.m.m.a.HttpEntityMethodProcessor  : Writing [{timestamp=Thu Oct 24 10:33:25 CST 2019, status=500, error=Internal Server Error, message=No message (truncated)...]
2019-10-24 10:33:25.998 DEBUG 95360 --- [http-nio-8081-exec-2] o.s.web.servlet.DispatcherServlet        : Exiting from "ERROR" dispatch, status 500
2019-10-24 10:33:53.226  INFO 83048 --- [main] c.m.minipackage.MiniPackageApplication   : Starting MiniPackageApplication on ITAMNL24-W10 with PID 83048 (D:\ECHONMI\React\Day14_Comprehensive_exercise_mini_package\mini-package\out\production\classes started by ECHONMI in D:\ECHONMI\React\Day14_Comprehensive_exercise_mini_package\mini-package)
2019-10-24 10:33:53.228  INFO 83048 --- [main] c.m.minipackage.MiniPackageApplication   : No active profile set, falling back to default profiles: default
2019-10-24 10:33:53.893  INFO 83048 --- [main] .s.d.r.c.RepositoryConfigurationDelegate : Bootstrapping Spring Data repositories in DEFAULT mode.
2019-10-24 10:33:53.956  INFO 83048 --- [main] .s.d.r.c.RepositoryConfigurationDelegate : Finished Spring Data repository scanning in 54ms. Found 1 repository interfaces.
2019-10-24 10:33:54.268  INFO 83048 --- [main] trationDelegate$BeanPostProcessorChecker : Bean 'org.springframework.transaction.annotation.ProxyTransactionManagementConfiguration' of type [org.springframework.transaction.annotation.ProxyTransactionManagementConfiguration] is not eligible for getting processed by all BeanPostProcessors (for example: not eligible for auto-proxying)
2019-10-24 10:33:54.675  INFO 83048 --- [main] o.s.b.w.embedded.tomcat.TomcatWebServer  : Tomcat initialized with port(s): 8081 (http)
2019-10-24 10:33:54.677  INFO 83048 --- [main] o.apache.catalina.core.StandardService   : Starting service [Tomcat]
2019-10-24 10:33:54.677  INFO 83048 --- [main] org.apache.catalina.core.StandardEngine  : Starting Servlet engine: [Apache Tomcat/9.0.27]
2019-10-24 10:33:54.783  INFO 83048 --- [main] o.a.c.c.C.[Tomcat].[localhost].[/]       : Initializing Spring embedded WebApplicationContext
2019-10-24 10:33:54.783 DEBUG 83048 --- [main] o.s.web.context.ContextLoader            : Published root WebApplicationContext as ServletContext attribute with name [org.springframework.web.context.WebApplicationContext.ROOT]
2019-10-24 10:33:54.783  INFO 83048 --- [main] o.s.web.context.ContextLoader            : Root WebApplicationContext: initialization completed in 1513 ms
2019-10-24 10:33:54.869  INFO 83048 --- [main] com.zaxxer.hikari.HikariDataSource       : HikariPool-1 - Starting...
2019-10-24 10:33:55.044  INFO 83048 --- [main] com.zaxxer.hikari.HikariDataSource       : HikariPool-1 - Start completed.
2019-10-24 10:33:55.044  INFO 83048 --- [main] o.s.b.a.h2.H2ConsoleAutoConfiguration    : H2 console available at '/h2-console'. Database available at 'jdbc:h2:file:./target/bookings'
2019-10-24 10:33:55.214  INFO 83048 --- [main] o.hibernate.jpa.internal.util.LogHelper  : HHH000204: Processing PersistenceUnitInfo [name: default]
2019-10-24 10:33:55.287  INFO 83048 --- [main] org.hibernate.Version                    : HHH000412: Hibernate Core {5.4.6.Final}
2019-10-24 10:33:55.429  INFO 83048 --- [main] o.hibernate.annotations.common.Version   : HCANN000001: Hibernate Commons Annotations {5.1.0.Final}
2019-10-24 10:33:55.530  INFO 83048 --- [main] org.hibernate.dialect.Dialect            : HHH000400: Using dialect: org.hibernate.dialect.H2Dialect
2019-10-24 10:33:56.062  INFO 83048 --- [main] o.h.e.t.j.p.i.JtaPlatformInitiator       : HHH000490: Using JtaPlatform implementation: [org.hibernate.engine.transaction.jta.platform.internal.NoJtaPlatform]
2019-10-24 10:33:56.077  INFO 83048 --- [main] j.LocalContainerEntityManagerFactoryBean : Initialized JPA EntityManagerFactory for persistence unit 'default'
2019-10-24 10:33:56.313  WARN 83048 --- [main] JpaBaseConfiguration$JpaWebConfiguration : spring.jpa.open-in-view is enabled by default. Therefore, database queries may be performed during view rendering. Explicitly configure spring.jpa.open-in-view to disable this warning
2019-10-24 10:33:56.435  INFO 83048 --- [main] o.s.s.concurrent.ThreadPoolTaskExecutor  : Initializing ExecutorService 'applicationTaskExecutor'
2019-10-24 10:33:56.435 DEBUG 83048 --- [main] s.w.s.m.m.a.RequestMappingHandlerAdapter : ControllerAdvice beans: 0 @ModelAttribute, 0 @InitBinder, 1 RequestBodyAdvice, 1 ResponseBodyAdvice
2019-10-24 10:33:56.486 DEBUG 83048 --- [main] s.w.s.m.m.a.RequestMappingHandlerMapping : 3 mappings in 'requestMappingHandlerMapping'
2019-10-24 10:33:56.506 DEBUG 83048 --- [main] o.s.w.s.handler.SimpleUrlHandlerMapping  : Patterns [/webjars/**, /**] in 'resourceHandlerMapping'
2019-10-24 10:33:56.516 DEBUG 83048 --- [main] .m.m.a.ExceptionHandlerExceptionResolver : ControllerAdvice beans: 0 @ExceptionHandler, 1 ResponseBodyAdvice
2019-10-24 10:33:56.608  INFO 83048 --- [main] o.s.b.a.e.web.EndpointLinksResolver      : Exposing 2 endpoint(s) beneath base path '/actuator'
2019-10-24 10:33:56.679  INFO 83048 --- [main] o.s.b.w.embedded.tomcat.TomcatWebServer  : Tomcat started on port(s): 8081 (http) with context path ''
2019-10-24 10:33:56.679  INFO 83048 --- [main] c.m.minipackage.MiniPackageApplication   : Started MiniPackageApplication in 3.893 seconds (JVM running for 4.296)
2019-10-24 10:34:00.954  INFO 83048 --- [http-nio-8081-exec-2] o.a.c.c.C.[Tomcat].[localhost].[/]       : Initializing Spring DispatcherServlet 'dispatcherServlet'
2019-10-24 10:34:00.954  INFO 83048 --- [http-nio-8081-exec-2] o.s.web.servlet.DispatcherServlet        : Initializing Servlet 'dispatcherServlet'
2019-10-24 10:34:00.954 DEBUG 83048 --- [http-nio-8081-exec-2] o.s.web.servlet.DispatcherServlet        : Detected StandardServletMultipartResolver
2019-10-24 10:34:00.960 DEBUG 83048 --- [http-nio-8081-exec-2] o.s.web.servlet.DispatcherServlet        : enableLoggingRequestDetails='false': request parameters and headers will be masked to prevent unsafe logging of potentially sensitive data
2019-10-24 10:34:00.960  INFO 83048 --- [http-nio-8081-exec-2] o.s.web.servlet.DispatcherServlet        : Completed initialization in 6 ms
2019-10-24 10:34:00.967 DEBUG 83048 --- [http-nio-8081-exec-2] o.s.web.servlet.DispatcherServlet        : POST "/bookings", parameters={}
2019-10-24 10:34:00.971 DEBUG 83048 --- [http-nio-8081-exec-2] s.w.s.m.m.a.RequestMappingHandlerMapping : Mapped to com.minipackage.minipackage.Controller.BookingController#createBooking(Packages)
2019-10-24 10:34:01.040 DEBUG 83048 --- [http-nio-8081-exec-2] m.m.a.RequestResponseBodyMethodProcessor : Read "application/json;charset=UTF-8" to [com.minipackage.minipackage.Entity.Packages@72fa0199]
2019-10-24 10:34:01.092 DEBUG 83048 --- [http-nio-8081-exec-2] m.m.a.RequestResponseBodyMethodProcessor : Using 'application/json', given [*/*] and supported [application/json]
2019-10-24 10:34:01.102 DEBUG 83048 --- [http-nio-8081-exec-2] m.m.a.RequestResponseBodyMethodProcessor : Writing [com.minipackage.minipackage.Entity.Packages@72fa0199]
2019-10-24 10:34:01.113 DEBUG 83048 --- [http-nio-8081-exec-2] o.s.web.servlet.DispatcherServlet        : Completed 201 CREATED
